<?xml version='1.0' encoding='UTF-8'?>
<testsuite hostname="i102601174" name="org.apache.spark.ml.made.StartSparkTest" tests="1" errors="0" failures="0" skipped="1" time="-0.001" timestamp="2023-03-19T11:19:26">
          <properties>
      <property name="java.specification.version" value="19"/><property name="sun.jnu.encoding" value="UTF-8"/><property name="sun.arch.data.model" value="64"/><property name="java.vendor.url" value="https://github.com/Homebrew/homebrew-core/issues"/><property name="sun.boot.library.path" value="/usr/local/Cellar/openjdk/19.0.2/libexec/openjdk.jdk/Contents/Home/lib"/><property name="sun.java.command" value="/usr/local/Cellar/sbt/1.8.2/libexec/bin/sbt-launch.jar test"/><property name="jdk.debug" value="release"/><property name="java.specification.vendor" value="Oracle Corporation"/><property name="java.version.date" value="2023-01-17"/><property name="java.home" value="/usr/local/Cellar/openjdk/19.0.2/libexec/openjdk.jdk/Contents/Home"/><property name="file.separator" value="/"/><property name="java.vm.compressedOopsMode" value="Zero based"/><property name="line.separator" value="
"/><property name="java.vm.specification.vendor" value="Oracle Corporation"/><property name="java.specification.name" value="Java Platform API Specification"/><property name="sun.management.compiler" value="HotSpot 64-Bit Tiered Compilers"/><property name="java.runtime.version" value="19.0.2"/><property name="user.name" value="artemkugushev"/><property name="log4j.ignoreTCL" value="true"/><property name="file.encoding" value="UTF-8"/><property name="jnidispatch.path" value="/Users/artemkugushev/Library/Caches/JNA/temp/jna3475396442783872777.tmp"/><property name="java.vendor.version" value="Homebrew"/><property name="jna.loaded" value="true"/><property name="java.io.tmpdir" value="/var/folders/15/62xy1s_s195frtk8pm5q5jvm4mrbqr/T/"/><property name="java.version" value="19.0.2"/><property name="java.vm.specification.name" value="Java Virtual Machine Specification"/><property name="native.encoding" value="UTF-8"/><property name="java.library.path" value="/Users/artemkugushev/Library/Java/Extensions:/Library/Java/Extensions:/Network/Library/Java/Extensions:/System/Library/Java/Extensions:/usr/lib/java:."/><property name="stderr.encoding" value="UTF-8"/><property name="java.vendor" value="Homebrew"/><property name="scala.ext.dirs" value="/Users/artemkugushev/.sbt/1.0/java9-rt-ext-homebrew_19_0_2"/><property name="sun.io.unicode.encoding" value="UnicodeBig"/><property name="java.class.path" value="/usr/local/Cellar/sbt/1.8.2/libexec/bin/sbt-launch.jar"/><property name="java.vm.vendor" value="Homebrew"/><property name="jline.shutdownhook" value="false"/><property name="user.timezone" value="Europe/Moscow"/><property name="java.vm.specification.version" value="19"/><property name="os.name" value="Mac OS X"/><property name="sun.java.launcher" value="SUN_STANDARD"/><property name="user.country" value="RU"/><property name="sun.cpu.endian" value="little"/><property name="user.home" value="/Users/artemkugushev"/><property name="user.language" value="ru"/><property name="sbt.script" value="/usr/local/Cellar/sbt/1.8.2/libexec/bin/sbt"/><property name="sbt.ipcsocket.tmpdir" value="/var/folders/15/62xy1s_s195frtk8pm5q5jvm4mrbqr/T/.sbt87dee0f6/ipcsocket"/><property name="swoval.tmpdir" value="/var/folders/15/62xy1s_s195frtk8pm5q5jvm4mrbqr/T/.sbt87dee0f6/swoval"/><property name="apple.awt.application.name" value="Boot"/><property name="jline.esc.timeout" value="0"/><property name="stdout.encoding" value="UTF-8"/><property name="path.separator" value=":"/><property name="os.version" value="12.0.1"/><property name="jna.nosys" value="true"/><property name="java.runtime.name" value="OpenJDK Runtime Environment"/><property name="java.vm.name" value="OpenJDK 64-Bit Server VM"/><property name="jna.platform.library.path" value="/usr/lib:/usr/lib"/><property name="java.vendor.url.bug" value="https://github.com/Homebrew/homebrew-core/issues"/><property name="user.dir" value="/Users/artemkugushev/Downloads/MadeProject"/><property name="os.arch" value="x86_64"/><property name="java.vm.info" value="mixed mode, sharing"/><property name="java.vm.version" value="19.0.2"/><property name="java.class.version" value="63.0"/>
    </properties>
          <testcase classname="org.apache.spark.ml.made.StartSparkTest" name="Spark should start context" time="-0.001">
                      <skipped/>
                    </testcase>
          <system-out><![CDATA[]]></system-out>
          <system-err><![CDATA[]]></system-err>
        </testsuite>